<?xml version="1.0" encoding="UTF-8"?>
<testng-results skipped="0" failed="0" ignored="0" total="3" passed="3">
  <reporter-output>
  </reporter-output>
  <suite name="Default suite" duration-ms="45373" started-at="2020-01-29T12:03:28 EST" finished-at="2020-01-29T12:04:13 EST">
    <groups>
    </groups>
    <test name="Default test" duration-ms="45373" started-at="2020-01-29T12:03:28 EST" finished-at="2020-01-29T12:04:13 EST">
      <class name="com.attTestcases.HomePageTestCase">
        <test-method status="PASS" signature="setup()[pri:0, instance:com.attTestcases.HomePageTestCase@610694f1]" name="setup" is-config="true" duration-ms="730" started-at="2020-01-29T12:03:27 EST" finished-at="2020-01-29T12:03:28 EST">
          <reporter-output>
          </reporter-output>
        </test-method> <!-- setup -->
        <test-method status="PASS" signature="startup()[pri:0, instance:com.attTestcases.HomePageTestCase@610694f1]" name="startup" is-config="true" duration-ms="11047" started-at="2020-01-29T12:03:28 EST" finished-at="2020-01-29T12:03:39 EST">
          <reporter-output>
          </reporter-output>
        </test-method> <!-- startup -->
        <test-method status="PASS" signature="SelectOptionFromHome()[pri:1, instance:com.attTestcases.HomePageTestCase@610694f1]" name="SelectOptionFromHome" duration-ms="7787" started-at="2020-01-29T12:03:39 EST" finished-at="2020-01-29T12:03:47 EST">
          <reporter-output>
          </reporter-output>
        </test-method> <!-- SelectOptionFromHome -->
        <test-method status="PASS" signature="getphone()[pri:2, instance:com.attTestcases.HomePageTestCase@610694f1]" name="getphone" duration-ms="11349" started-at="2020-01-29T12:03:47 EST" finished-at="2020-01-29T12:03:58 EST">
          <reporter-output>
          </reporter-output>
        </test-method> <!-- getphone -->
        <test-method status="PASS" signature="getcolourcapacity()[pri:3, instance:com.attTestcases.HomePageTestCase@610694f1]" name="getcolourcapacity" duration-ms="13661" started-at="2020-01-29T12:03:58 EST" finished-at="2020-01-29T12:04:12 EST">
          <reporter-output>
          </reporter-output>
        </test-method> <!-- getcolourcapacity -->
        <test-method status="PASS" signature="teardown()[pri:0, instance:com.attTestcases.HomePageTestCase@610694f1]" name="teardown" is-config="true" duration-ms="1464" started-at="2020-01-29T12:04:12 EST" finished-at="2020-01-29T12:04:13 EST">
          <reporter-output>
          </reporter-output>
        </test-method> <!-- teardown -->
      </class> <!-- com.attTestcases.HomePageTestCase -->
    </test> <!-- Default test -->
  </suite> <!-- Default suite -->
</testng-results>
